Using pre-set license
Built from '6000.0/staging' branch; Version is '6000.0.24f1 (11fa355cd605) revision 1178165'; Using compiler version '193933523'; Build Type 'Release'
OS: 'Windows 11  (10.0.22631) 64bit Professional' Language: 'tr' Physical Memory: 16109 MB
BatchMode: 1, IsHumanControllingUs: 0, StartBugReporterOnCrash: 0, Is64bit: 1, IsPro: 1

COMMAND LINE ARGUMENTS:
C:\Program Files\Unity\Hub\Editor\6000.0.24f1\Editor\Unity.exe
-adb2
-batchMode
-noUpm
-name
AssetImportWorker0
-projectPath
C:/Users/yigit/kedi
-logFile
Logs/AssetImportWorker0.log
-srvPort
60603
-job-worker-count
7
-background-job-worker-count
8
-asset-garbage-collectors
1
Successfully changed project path to: C:/Users/yigit/kedi
C:/Users/yigit/kedi
[UnityMemory] Configuration Parameters - Can be set up in boot.config
    "memorysetup-bucket-allocator-granularity=16"
    "memorysetup-bucket-allocator-bucket-count=8"
    "memorysetup-bucket-allocator-block-size=33554432"
    "memorysetup-bucket-allocator-block-count=8"
    "memorysetup-main-allocator-block-size=16777216"
    "memorysetup-thread-allocator-block-size=16777216"
    "memorysetup-gfx-main-allocator-block-size=16777216"
    "memorysetup-gfx-thread-allocator-block-size=16777216"
    "memorysetup-cache-allocator-block-size=4194304"
    "memorysetup-typetree-allocator-block-size=2097152"
    "memorysetup-profiler-bucket-allocator-granularity=16"
    "memorysetup-profiler-bucket-allocator-bucket-count=8"
    "memorysetup-profiler-bucket-allocator-block-size=33554432"
    "memorysetup-profiler-bucket-allocator-block-count=8"
    "memorysetup-profiler-allocator-block-size=16777216"
    "memorysetup-profiler-editor-allocator-block-size=1048576"
    "memorysetup-temp-allocator-size-main=16777216"
    "memorysetup-job-temp-allocator-block-size=2097152"
    "memorysetup-job-temp-allocator-block-size-background=1048576"
    "memorysetup-job-temp-allocator-reduction-small-platforms=262144"
    "memorysetup-allocator-temp-initial-block-size-main=262144"
    "memorysetup-allocator-temp-initial-block-size-worker=262144"
    "memorysetup-temp-allocator-size-background-worker=32768"
    "memorysetup-temp-allocator-size-job-worker=262144"
    "memorysetup-temp-allocator-size-preload-manager=33554432"
    "memorysetup-temp-allocator-size-nav-mesh-worker=65536"
    "memorysetup-temp-allocator-size-audio-worker=65536"
    "memorysetup-temp-allocator-size-cloud-worker=32768"
    "memorysetup-temp-allocator-size-gi-baking-worker=262144"
    "memorysetup-temp-allocator-size-gi-baking-worker=262144"
    "memorysetup-temp-allocator-size-gi-baking-worker=262144"
    "memorysetup-temp-allocator-size-gi-baking-worker=262144"
    "memorysetup-temp-allocator-size-gi-baking-worker=262144"
    "memorysetup-temp-allocator-size-gfx=262144"
Player connection [8268]  Target information:

Player connection [8268]  * "[IP] 10.2.0.2 [Port] 0 [Flags] 2 [Guid] 3216916475 [EditorId] 3216916475 [Version] 1048832 [Id] WindowsEditor(7,DESKTOP-VRLTBDE) [Debug] 1 [PackageName] WindowsEditor [ProjectName] Editor" 

Player connection [8268]  * "[IP] 192.168.1.56 [Port] 0 [Flags] 2 [Guid] 3216916475 [EditorId] 3216916475 [Version] 1048832 [Id] WindowsEditor(7,DESKTOP-VRLTBDE) [Debug] 1 [PackageName] WindowsEditor [ProjectName] Editor" 

Player connection [8268] Host joined multi-casting on [225.0.0.222:54997]...
Player connection [8268] Host joined alternative multi-casting on [225.0.0.222:34997]...
JobSystem: Creating JobQueue using job-worker-count value 7
[Physics::Module] Initialized fallback backend.
[Physics::Module] Id: 0xdecafbad
Library Redirect Path: Library/
[Physics::Module] Selected backend.
[Physics::Module] Name: PhysX
[Physics::Module] Id: 0xf2b8ea05
[Physics::Module] SDK Version: 4.1.2
[Physics::Module] Integration Version: 1.0.0
[Physics::Module] Threading Mode: Multi-Threaded
Refreshing native plugins compatible for Editor in 3.82 ms, found 3 plugins.
Preloading 0 native plugins for Editor in 0.00 ms.
Initialize engine version: 6000.0.24f1 (11fa355cd605)
[Subsystems] Discovering subsystems at path C:/Program Files/Unity/Hub/Editor/6000.0.24f1/Editor/Data/Resources/UnitySubsystems
[Subsystems] Discovering subsystems at path C:/Users/yigit/kedi/Assets
GfxDevice: creating device client; kGfxThreadingModeNonThreaded
Direct3D:
    Version:  Direct3D 11.0 [level 11.1]
    Renderer: NVIDIA GeForce RTX 3050 Laptop GPU (ID=0x25a2)
    Vendor:   NVIDIA
    VRAM:     3964 MB
    Driver:   32.0.15.6636
Initialize mono
Mono path[0] = 'C:/Program Files/Unity/Hub/Editor/6000.0.24f1/Editor/Data/Managed'
Mono path[1] = 'C:/Program Files/Unity/Hub/Editor/6000.0.24f1/Editor/Data/MonoBleedingEdge/lib/mono/unityjit-win32'
Mono config path = 'C:/Program Files/Unity/Hub/Editor/6000.0.24f1/Editor/Data/MonoBleedingEdge/etc'
Using monoOptions --debugger-agent=transport=dt_socket,embedding=1,server=y,suspend=n,address=127.0.0.1:56568
Begin MonoManager ReloadAssembly
Registering precompiled unity dll's ...
Register platform support module: C:/Program Files/Unity/Hub/Editor/6000.0.24f1/Editor/Data/PlaybackEngines/WebGLSupport/UnityEditor.WebGL.Extensions.dll
Register platform support module: C:/Program Files/Unity/Hub/Editor/6000.0.24f1/Editor/Data/PlaybackEngines/WindowsStandaloneSupport/UnityEditor.WindowsStandalone.Extensions.dll
Register platform support module: C:/Program Files/Unity/Hub/Editor/6000.0.24f1/Editor/Data/PlaybackEngines/AndroidPlayer/UnityEditor.Android.Extensions.dll
Registered in 0.008458 seconds.
- Loaded All Assemblies, in  0.518 seconds
Native extension for Android target not found
Android Extension - Scanning For ADB Devices 303 ms
Native extension for WindowsStandalone target not found
Native extension for WebGL target not found
Mono: successfully reloaded assembly
- Finished resetting the current domain, in  0.727 seconds
Domain Reload Profiling: 1243ms
	BeginReloadAssembly (203ms)
		ExecutionOrderSort (0ms)
		DisableScriptedObjects (0ms)
		BackupInstance (0ms)
		ReleaseScriptingObjects (0ms)
		CreateAndSetChildDomain (1ms)
	RebuildCommonClasses (45ms)
	RebuildNativeTypeToScriptingClass (13ms)
	initialDomainReloadingComplete (64ms)
	LoadAllAssembliesAndSetupDomain (191ms)
		LoadAssemblies (200ms)
		RebuildTransferFunctionScriptingTraits (0ms)
		AnalyzeDomain (187ms)
			TypeCache.Refresh (185ms)
				TypeCache.ScanAssembly (169ms)
			BuildScriptInfoCaches (0ms)
			ResolveRequiredComponents (0ms)
	FinalizeReload (727ms)
		ReleaseScriptCaches (0ms)
		RebuildScriptCaches (0ms)
		SetupLoadedEditorAssemblies (675ms)
			LogAssemblyErrors (0ms)
			InitializePlatformSupportModulesInManaged (402ms)
			SetLoadedEditorAssemblies (5ms)
			BeforeProcessingInitializeOnLoad (7ms)
			ProcessInitializeOnLoadAttributes (179ms)
			ProcessInitializeOnLoadMethodAttributes (79ms)
			AfterProcessingInitializeOnLoad (4ms)
			EditorAssembliesLoaded (0ms)
		ExecutionOrderSort2 (0ms)
		AwakeInstancesAfterBackupRestoration (0ms)
Assembly reference Packages/com.unity.cinemachine/Editor/Samples/ExposeHDRPInternals/HDRP-Editor-ref.asmref has no target assembly definition
========================================================================
Worker process is ready to serve import requests
Import Worker Mode flag is 0x00
Assembly reference Packages/com.unity.cinemachine/Editor/Samples/ExposeHDRPInternals/HDRP-Editor-ref.asmref has no target assembly definition
Assembly reference Packages/com.unity.cinemachine/Editor/Samples/ExposeHDRPInternals/HDRP-Editor-ref.asmref has no target assembly definition
Begin MonoManager ReloadAssembly
- Loaded All Assemblies, in  1.542 seconds
Assembly reference Packages/com.unity.cinemachine/Editor/Samples/ExposeHDRPInternals/HDRP-Editor-ref.asmref has no target assembly definition
'Packages/com.unity.cinemachine/Editor/Obsolete/CinemachineVirtualCameraBaseEditor.cs' contains partial class of Unity.Object, exactly 1 of the partial classes needs to be in a file with the same filename. This is to know the one that can be referenced from ie. GameObjects
'Packages/com.unity.cinemachine/Editor/Editors/CinemachineVirtualCameraBaseEditor.cs' contains partial class of Unity.Object, exactly 1 of the partial classes needs to be in a file with the same filename. This is to know the one that can be referenced from ie. GameObjects
Refreshing native plugins compatible for Editor in 1.13 ms, found 3 plugins.
Native extension for Android target not found
Native extension for WindowsStandalone target not found
Native extension for WebGL target not found
Assembly reference Packages/com.unity.cinemachine/Editor/Samples/ExposeHDRPInternals/HDRP-Editor-ref.asmref has no target assembly definition
Package Manager log level set to [2]
[Package Manager] Failed to launch server process. Reason: Unity was launched with the -noUpm command-line argument
[Package Manager] Unable to send message (not connected to server process).
[Package Manager] Cannot connect to Unity Package Manager local server
Mono: successfully reloaded assembly
- Finished resetting the current domain, in  0.871 seconds
Domain Reload Profiling: 2410ms
	BeginReloadAssembly (805ms)
		ExecutionOrderSort (0ms)
		DisableScriptedObjects (7ms)
		BackupInstance (0ms)
		ReleaseScriptingObjects (0ms)
		CreateAndSetChildDomain (43ms)
	RebuildCommonClasses (41ms)
	RebuildNativeTypeToScriptingClass (18ms)
	initialDomainReloadingComplete (43ms)
	LoadAllAssembliesAndSetupDomain (631ms)
		LoadAssemblies (530ms)
		RebuildTransferFunctionScriptingTraits (0ms)
		AnalyzeDomain (226ms)
			TypeCache.Refresh (175ms)
				TypeCache.ScanAssembly (156ms)
			BuildScriptInfoCaches (42ms)
			ResolveRequiredComponents (6ms)
	FinalizeReload (872ms)
		ReleaseScriptCaches (0ms)
		RebuildScriptCaches (0ms)
		SetupLoadedEditorAssemblies (586ms)
			LogAssemblyErrors (0ms)
			InitializePlatformSupportModulesInManaged (13ms)
			SetLoadedEditorAssemblies (5ms)
			BeforeProcessingInitializeOnLoad (51ms)
			ProcessInitializeOnLoadAttributes (479ms)
			ProcessInitializeOnLoadMethodAttributes (27ms)
			AfterProcessingInitializeOnLoad (10ms)
			EditorAssembliesLoaded (0ms)
		ExecutionOrderSort2 (0ms)
		AwakeInstancesAfterBackupRestoration (14ms)
Launched and connected shader compiler UnityShaderCompiler.exe after 0.02 seconds
Refreshing native plugins compatible for Editor in 1.09 ms, found 3 plugins.
Preloading 0 native plugins for Editor in 0.00 ms.
Unloading 25 Unused Serialized files (Serialized files now loaded: 0)
Unloading 4402 unused Assets / (1.3 MB). Loaded Objects now: 5006.
Memory consumption went from 117.5 MB to 116.2 MB.
Total: 7.046200 ms (FindLiveObjects: 0.637100 ms CreateObjectMapping: 0.371800 ms MarkObjects: 4.754800 ms  DeleteObjects: 1.281200 ms)

========================================================================
Received Import Request.
  Time since last request: 174587.383997 seconds.
  path: Assets/KarakterModel/gri.fbx
  artifactKey: Guid(62841b2b4ca4faf40af5ae81a2ccfe8a) Importer(815301076,1909f56bfc062723c751e8b465ee728b)
Start importing Assets/KarakterModel/gri.fbx using Guid(62841b2b4ca4faf40af5ae81a2ccfe8a) Importer(815301076,1909f56bfc062723c751e8b465ee728b) (PreviewImporter) -> (artifact id: '2afec50b4b3c2e9d2be05bd2062de5b4') in 0.2935318 seconds
Number of updated asset objects reloaded before import = 0Number of asset objects unloaded after import = 66

========================================================================
Received Import Request.
  Time since last request: 0.000023 seconds.
  path: Assets/KarakterModel/şişman siyah.fbx
  artifactKey: Guid(23b6852a7dbdd1b4cbaf4e0bee07d4fe) Importer(815301076,1909f56bfc062723c751e8b465ee728b)
Start importing Assets/KarakterModel/şişman siyah.fbx using Guid(23b6852a7dbdd1b4cbaf4e0bee07d4fe) Importer(815301076,1909f56bfc062723c751e8b465ee728b) (PreviewImporter) -> (artifact id: '0b2c57f1c1c17fb539a9f0792d5cde20') in 0.1093235 seconds
Number of updated asset objects reloaded before import = 0Number of asset objects unloaded after import = 71

========================================================================
Received Prepare
Assembly reference Packages/com.unity.cinemachine/Editor/Samples/ExposeHDRPInternals/HDRP-Editor-ref.asmref has no target assembly definition
Assembly reference Packages/com.unity.cinemachine/Editor/Samples/ExposeHDRPInternals/HDRP-Editor-ref.asmref has no target assembly definition
Begin MonoManager ReloadAssembly
- Loaded All Assemblies, in  0.712 seconds
Assembly reference Packages/com.unity.cinemachine/Editor/Samples/ExposeHDRPInternals/HDRP-Editor-ref.asmref has no target assembly definition
'Packages/com.unity.cinemachine/Editor/Obsolete/CinemachineVirtualCameraBaseEditor.cs' contains partial class of Unity.Object, exactly 1 of the partial classes needs to be in a file with the same filename. This is to know the one that can be referenced from ie. GameObjects
'Packages/com.unity.cinemachine/Editor/Editors/CinemachineVirtualCameraBaseEditor.cs' contains partial class of Unity.Object, exactly 1 of the partial classes needs to be in a file with the same filename. This is to know the one that can be referenced from ie. GameObjects
Refreshing native plugins compatible for Editor in 0.79 ms, found 3 plugins.
Native extension for Android target not found
Native extension for WindowsStandalone target not found
Native extension for WebGL target not found
Assembly reference Packages/com.unity.cinemachine/Editor/Samples/ExposeHDRPInternals/HDRP-Editor-ref.asmref has no target assembly definition
[Package Manager] Failed to launch server process. Reason: Unity was launched with the -noUpm command-line argument
[Package Manager] Unable to send message (not connected to server process).
[Package Manager] Cannot connect to Unity Package Manager local server
Mono: successfully reloaded assembly
- Finished resetting the current domain, in  0.855 seconds
Domain Reload Profiling: 1566ms
	BeginReloadAssembly (231ms)
		ExecutionOrderSort (0ms)
		DisableScriptedObjects (6ms)
		BackupInstance (0ms)
		ReleaseScriptingObjects (0ms)
		CreateAndSetChildDomain (67ms)
	RebuildCommonClasses (57ms)
	RebuildNativeTypeToScriptingClass (12ms)
	initialDomainReloadingComplete (30ms)
	LoadAllAssembliesAndSetupDomain (381ms)
		LoadAssemblies (318ms)
		RebuildTransferFunctionScriptingTraits (0ms)
		AnalyzeDomain (175ms)
			TypeCache.Refresh (8ms)
				TypeCache.ScanAssembly (0ms)
			BuildScriptInfoCaches (157ms)
			ResolveRequiredComponents (6ms)
	FinalizeReload (855ms)
		ReleaseScriptCaches (0ms)
		RebuildScriptCaches (0ms)
		SetupLoadedEditorAssemblies (588ms)
			LogAssemblyErrors (0ms)
			InitializePlatformSupportModulesInManaged (16ms)
			SetLoadedEditorAssemblies (5ms)
			BeforeProcessingInitializeOnLoad (62ms)
			ProcessInitializeOnLoadAttributes (469ms)
			ProcessInitializeOnLoadMethodAttributes (27ms)
			AfterProcessingInitializeOnLoad (8ms)
			EditorAssembliesLoaded (0ms)
		ExecutionOrderSort2 (0ms)
		AwakeInstancesAfterBackupRestoration (6ms)
Refreshing native plugins compatible for Editor in 0.95 ms, found 3 plugins.
Preloading 0 native plugins for Editor in 0.00 ms.
Unloading 1 Unused Serialized files (Serialized files now loaded: 0)
Unloading 4401 unused Assets / (1.1 MB). Loaded Objects now: 5051.
Memory consumption went from 114.5 MB to 113.4 MB.
Total: 8.668300 ms (FindLiveObjects: 0.958600 ms CreateObjectMapping: 0.911400 ms MarkObjects: 5.170500 ms  DeleteObjects: 1.611100 ms)

Prepare: number of updated asset objects reloaded= 0
========================================================================
Received Import Request.
  Time since last request: 430.005279 seconds.
  path: Assets/PreFab/Item.prefab
  artifactKey: Guid(d65138fb65a740a4484fa9cfb5ebf99e) Importer(815301076,1909f56bfc062723c751e8b465ee728b)
Start importing Assets/PreFab/Item.prefab using Guid(d65138fb65a740a4484fa9cfb5ebf99e) Importer(815301076,1909f56bfc062723c751e8b465ee728b) (PreviewImporter) -> (artifact id: 'c2aa9466ab8bb4a298cde26720522aa3') in 0.076694 seconds
Number of updated asset objects reloaded before import = 0Number of asset objects unloaded after import = 23

========================================================================
Received Prepare
Assembly reference Packages/com.unity.cinemachine/Editor/Samples/ExposeHDRPInternals/HDRP-Editor-ref.asmref has no target assembly definition
Assembly reference Packages/com.unity.cinemachine/Editor/Samples/ExposeHDRPInternals/HDRP-Editor-ref.asmref has no target assembly definition
Begin MonoManager ReloadAssembly
- Loaded All Assemblies, in  0.741 seconds
Assembly reference Packages/com.unity.cinemachine/Editor/Samples/ExposeHDRPInternals/HDRP-Editor-ref.asmref has no target assembly definition
'Packages/com.unity.cinemachine/Editor/Obsolete/CinemachineVirtualCameraBaseEditor.cs' contains partial class of Unity.Object, exactly 1 of the partial classes needs to be in a file with the same filename. This is to know the one that can be referenced from ie. GameObjects
'Packages/com.unity.cinemachine/Editor/Editors/CinemachineVirtualCameraBaseEditor.cs' contains partial class of Unity.Object, exactly 1 of the partial classes needs to be in a file with the same filename. This is to know the one that can be referenced from ie. GameObjects
Refreshing native plugins compatible for Editor in 0.73 ms, found 3 plugins.
Native extension for Android target not found
Native extension for WindowsStandalone target not found
Native extension for WebGL target not found
Assembly reference Packages/com.unity.cinemachine/Editor/Samples/ExposeHDRPInternals/HDRP-Editor-ref.asmref has no target assembly definition
[Package Manager] Failed to launch server process. Reason: Unity was launched with the -noUpm command-line argument
[Package Manager] Unable to send message (not connected to server process).
[Package Manager] Cannot connect to Unity Package Manager local server
Mono: successfully reloaded assembly
- Finished resetting the current domain, in  0.878 seconds
Domain Reload Profiling: 1620ms
	BeginReloadAssembly (218ms)
		ExecutionOrderSort (0ms)
		DisableScriptedObjects (8ms)
		BackupInstance (0ms)
		ReleaseScriptingObjects (0ms)
		CreateAndSetChildDomain (60ms)
	RebuildCommonClasses (52ms)
	RebuildNativeTypeToScriptingClass (19ms)
	initialDomainReloadingComplete (33ms)
	LoadAllAssembliesAndSetupDomain (419ms)
		LoadAssemblies (320ms)
		RebuildTransferFunctionScriptingTraits (0ms)
		AnalyzeDomain (204ms)
			TypeCache.Refresh (9ms)
				TypeCache.ScanAssembly (0ms)
			BuildScriptInfoCaches (174ms)
			ResolveRequiredComponents (16ms)
	FinalizeReload (879ms)
		ReleaseScriptCaches (0ms)
		RebuildScriptCaches (0ms)
		SetupLoadedEditorAssemblies (615ms)
			LogAssemblyErrors (0ms)
			InitializePlatformSupportModulesInManaged (14ms)
			SetLoadedEditorAssemblies (6ms)
			BeforeProcessingInitializeOnLoad (61ms)
			ProcessInitializeOnLoadAttributes (495ms)
			ProcessInitializeOnLoadMethodAttributes (29ms)
			AfterProcessingInitializeOnLoad (10ms)
			EditorAssembliesLoaded (0ms)
		ExecutionOrderSort2 (0ms)
		AwakeInstancesAfterBackupRestoration (7ms)
Refreshing native plugins compatible for Editor in 1.06 ms, found 3 plugins.
Preloading 0 native plugins for Editor in 0.00 ms.
Unloading 1 Unused Serialized files (Serialized files now loaded: 0)
Unloading 4401 unused Assets / (1.3 MB). Loaded Objects now: 5051.
Memory consumption went from 116.5 MB to 115.2 MB.
Total: 7.949100 ms (FindLiveObjects: 0.508400 ms CreateObjectMapping: 0.351100 ms MarkObjects: 5.349200 ms  DeleteObjects: 1.739000 ms)

Prepare: number of updated asset objects reloaded= 0
========================================================================
Received Import Request.
  Time since last request: 52.033344 seconds.
  path: Assets/Scenes/Mina.unity
  artifactKey: Guid(32826304d07415a419c990052b5aefb4) Importer(815301076,1909f56bfc062723c751e8b465ee728b)
Start importing Assets/Scenes/Mina.unity using Guid(32826304d07415a419c990052b5aefb4) Importer(815301076,1909f56bfc062723c751e8b465ee728b) (PreviewImporter) -> (artifact id: 'be5c10eaab09f3daf06372af92f85d32') in 0.0026917 seconds
Number of updated asset objects reloaded before import = 0Number of asset objects unloaded after import = 0

========================================================================
Received Import Request.
  Time since last request: 1227.606056 seconds.
  path: Assets/BinaModel/masterhouse.obj
  artifactKey: Guid(b177e85458d443d449cb202a407543cd) Importer(815301076,1909f56bfc062723c751e8b465ee728b)
Start importing Assets/BinaModel/masterhouse.obj using Guid(b177e85458d443d449cb202a407543cd) Importer(815301076,1909f56bfc062723c751e8b465ee728b) (PreviewImporter) -> (artifact id: '37ed4c73458a9a9b0884dcb84ae28f18') in 4.6736665 seconds
Number of updated asset objects reloaded before import = 0Number of asset objects unloaded after import = 2938

========================================================================
Received Import Request.
  Time since last request: 175.271063 seconds.
  path: Assets/ÇevreModel/CellPhone.fbx
  artifactKey: Guid(9f4f2621ec3603842bb77add0d9a48b3) Importer(815301076,1909f56bfc062723c751e8b465ee728b)
Start importing Assets/ÇevreModel/CellPhone.fbx using Guid(9f4f2621ec3603842bb77add0d9a48b3) Importer(815301076,1909f56bfc062723c751e8b465ee728b) (PreviewImporter) -> (artifact id: '0609c8ab4a050d22bcaf057224fcf754') in 0.0419029 seconds
Number of updated asset objects reloaded before import = 0Number of asset objects unloaded after import = 8

========================================================================
Received Import Request.
  Time since last request: 0.000040 seconds.
  path: Assets/ÇevreModel/Chair_DeskChair_Turquoise.fbx
  artifactKey: Guid(d66e1df4339431e408517dfd47e10afd) Importer(815301076,1909f56bfc062723c751e8b465ee728b)
Start importing Assets/ÇevreModel/Chair_DeskChair_Turquoise.fbx using Guid(d66e1df4339431e408517dfd47e10afd) Importer(815301076,1909f56bfc062723c751e8b465ee728b) (PreviewImporter) -> (artifact id: '643092587c8ca2e8819018a9a6526faf') in 0.0297566 seconds
Number of updated asset objects reloaded before import = 0Number of asset objects unloaded after import = 8

========================================================================
Received Import Request.
  Time since last request: 0.000073 seconds.
  path: Assets/ÇevreModel/Chair_DeskChair_Teal.fbx
  artifactKey: Guid(cb7e0088a034374418a9c26368d6e23f) Importer(815301076,1909f56bfc062723c751e8b465ee728b)
Start importing Assets/ÇevreModel/Chair_DeskChair_Teal.fbx using Guid(cb7e0088a034374418a9c26368d6e23f) Importer(815301076,1909f56bfc062723c751e8b465ee728b) (PreviewImporter) -> (artifact id: '9f0aa294a40225c71cc885fd1e19250f') in 0.0355177 seconds
Number of updated asset objects reloaded before import = 0Number of asset objects unloaded after import = 8

========================================================================
Received Import Request.
  Time since last request: 0.000030 seconds.
  path: Assets/ÇevreModel/Chair_Conference_Violet.fbx
  artifactKey: Guid(0463559284d53534e89bca09346038f8) Importer(815301076,1909f56bfc062723c751e8b465ee728b)
Start importing Assets/ÇevreModel/Chair_Conference_Violet.fbx using Guid(0463559284d53534e89bca09346038f8) Importer(815301076,1909f56bfc062723c751e8b465ee728b) (PreviewImporter) -> (artifact id: '87eb9d005c10b46a3618e7bc38ef91cf') in 0.0336461 seconds
Number of updated asset objects reloaded before import = 0Number of asset objects unloaded after import = 8

========================================================================
Received Import Request.
  Time since last request: 0.000031 seconds.
  path: Assets/ÇevreModel/Chair_Office.fbx
  artifactKey: Guid(75ef70c8c57f4ac4eb20149f465637b6) Importer(815301076,1909f56bfc062723c751e8b465ee728b)
Start importing Assets/ÇevreModel/Chair_Office.fbx using Guid(75ef70c8c57f4ac4eb20149f465637b6) Importer(815301076,1909f56bfc062723c751e8b465ee728b) (PreviewImporter) -> (artifact id: 'a829e70d6f0b11a1f25e7b286bcb4116') in 0.037332 seconds
Number of updated asset objects reloaded before import = 0Number of asset objects unloaded after import = 8

========================================================================
Received Import Request.
  Time since last request: 0.000052 seconds.
  path: Assets/ÇevreModel/Chair_Office_Violet.fbx
  artifactKey: Guid(ed3b5fdd980337248b99fddd9f6f15d8) Importer(815301076,1909f56bfc062723c751e8b465ee728b)
Start importing Assets/ÇevreModel/Chair_Office_Violet.fbx using Guid(ed3b5fdd980337248b99fddd9f6f15d8) Importer(815301076,1909f56bfc062723c751e8b465ee728b) (PreviewImporter) -> (artifact id: '96a71e64be1045313616c8b2e780380a') in 0.0340003 seconds
Number of updated asset objects reloaded before import = 0Number of asset objects unloaded after import = 8

========================================================================
Received Import Request.
  Time since last request: 0.000020 seconds.
  path: Assets/ÇevreModel/Laptop_Off.fbx
  artifactKey: Guid(39e1d8152f51bef448246af2ccfd7ed6) Importer(815301076,1909f56bfc062723c751e8b465ee728b)
Start importing Assets/ÇevreModel/Laptop_Off.fbx using Guid(39e1d8152f51bef448246af2ccfd7ed6) Importer(815301076,1909f56bfc062723c751e8b465ee728b) (PreviewImporter) -> (artifact id: '93613634cf970ea2fd2779701344f6ab') in 0.0281744 seconds
Number of updated asset objects reloaded before import = 0Number of asset objects unloaded after import = 8

========================================================================
Received Import Request.
  Time since last request: 0.000034 seconds.
  path: Assets/ÇevreModel/Office Folder.fbx
  artifactKey: Guid(207f885e1ac688e49ac8557ba49ea9b6) Importer(815301076,1909f56bfc062723c751e8b465ee728b)
Start importing Assets/ÇevreModel/Office Folder.fbx using Guid(207f885e1ac688e49ac8557ba49ea9b6) Importer(815301076,1909f56bfc062723c751e8b465ee728b) (PreviewImporter) -> (artifact id: '201cded54536055129c5f845f5fa9346') in 1.0754633 seconds
Number of updated asset objects reloaded before import = 0Number of asset objects unloaded after import = 1516

========================================================================
Received Import Request.
  Time since last request: 18.771637 seconds.
  path: Assets/ÇevreModel/PenClosed.fbx
  artifactKey: Guid(17e1a52921c839341a5e2e08029b2fed) Importer(815301076,1909f56bfc062723c751e8b465ee728b)
Start importing Assets/ÇevreModel/PenClosed.fbx using Guid(17e1a52921c839341a5e2e08029b2fed) Importer(815301076,1909f56bfc062723c751e8b465ee728b) (PreviewImporter) -> (artifact id: 'ca518697b55fa39bae5de34d9626abf9') in 0.0220715 seconds
Number of updated asset objects reloaded before import = 0Number of asset objects unloaded after import = 9

========================================================================
Received Import Request.
  Time since last request: 6.730828 seconds.
  path: Assets/ÇevreModel/Table_OfficeDesk.fbx
  artifactKey: Guid(ba6e29c5296ae3e44b306a95da5b2e2a) Importer(815301076,1909f56bfc062723c751e8b465ee728b)
Start importing Assets/ÇevreModel/Table_OfficeDesk.fbx using Guid(ba6e29c5296ae3e44b306a95da5b2e2a) Importer(815301076,1909f56bfc062723c751e8b465ee728b) (PreviewImporter) -> (artifact id: 'd64167e6178ebe46f60fc8692aed91d4') in 0.0210761 seconds
Number of updated asset objects reloaded before import = 0Number of asset objects unloaded after import = 8

========================================================================
Received Import Request.
  Time since last request: 0.000020 seconds.
  path: Assets/ÇevreModel/Umbrella_Closed.fbx
  artifactKey: Guid(dfd4719a57bc22a4e9ca1fc4e38b0efd) Importer(815301076,1909f56bfc062723c751e8b465ee728b)
Start importing Assets/ÇevreModel/Umbrella_Closed.fbx using Guid(dfd4719a57bc22a4e9ca1fc4e38b0efd) Importer(815301076,1909f56bfc062723c751e8b465ee728b) (PreviewImporter) -> (artifact id: 'a990fbfeca7425183a9fe9a5c8b1f961') in 0.0258683 seconds
Number of updated asset objects reloaded before import = 0Number of asset objects unloaded after import = 8

========================================================================
Received Import Request.
  Time since last request: 4.894014 seconds.
  path: Assets/ÇevreModel/uploads_files_3123681_policebox.fbx
  artifactKey: Guid(fa888a0f81cd18b4d9f166ae4d16beae) Importer(815301076,1909f56bfc062723c751e8b465ee728b)
Start importing Assets/ÇevreModel/uploads_files_3123681_policebox.fbx using Guid(fa888a0f81cd18b4d9f166ae4d16beae) Importer(815301076,1909f56bfc062723c751e8b465ee728b) (PreviewImporter) -> (artifact id: '057b2f5801a256ce135ab6a94eb71188') in 0.0435483 seconds
Number of updated asset objects reloaded before import = 0Number of asset objects unloaded after import = 8

========================================================================
Received Import Request.
  Time since last request: 263.858033 seconds.
  path: Assets/texture/cobblestone
  artifactKey: Guid(e725181b813f7de4696cd0795c90f376) Importer(815301076,1909f56bfc062723c751e8b465ee728b)
Start importing Assets/texture/cobblestone using Guid(e725181b813f7de4696cd0795c90f376) Importer(815301076,1909f56bfc062723c751e8b465ee728b) (PreviewImporter) -> (artifact id: 'd4b495c62998c9096c852a42c73566f8') in 0.0013767 seconds
Number of updated asset objects reloaded before import = 0Number of asset objects unloaded after import = 0

========================================================================
Received Import Request.
  Time since last request: 0.064193 seconds.
  path: Assets/texture/cobblestone/COBBLESTONES-05_AO_4k.jpg
  artifactKey: Guid(ded2f32a2d06b004f9f3f405242959b0) Importer(815301076,1909f56bfc062723c751e8b465ee728b)
Start importing Assets/texture/cobblestone/COBBLESTONES-05_AO_4k.jpg using Guid(ded2f32a2d06b004f9f3f405242959b0) Importer(815301076,1909f56bfc062723c751e8b465ee728b) (PreviewImporter) -> (artifact id: 'e9d3f77d0c4b93cddb961028679143e4') in 0.0259288 seconds
Number of updated asset objects reloaded before import = 0Number of asset objects unloaded after import = 2

========================================================================
Received Import Request.
  Time since last request: 0.005437 seconds.
  path: Assets/texture/cobblestone/COBBLESTONES-05_Gloss_4k.jpg
  artifactKey: Guid(7de139edd160e8045aa3510b7f4bf4b4) Importer(815301076,1909f56bfc062723c751e8b465ee728b)
Start importing Assets/texture/cobblestone/COBBLESTONES-05_Gloss_4k.jpg using Guid(7de139edd160e8045aa3510b7f4bf4b4) Importer(815301076,1909f56bfc062723c751e8b465ee728b) (PreviewImporter) -> (artifact id: 'b53833acb213b02431f7e481cc1deb76') in 0.0155162 seconds
Number of updated asset objects reloaded before import = 0Number of asset objects unloaded after import = 2

========================================================================
Received Import Request.
  Time since last request: 0.000016 seconds.
  path: Assets/texture/cobblestone/COBBLESTONES-05_Roughness_4k.jpg
  artifactKey: Guid(c890df76258307846aff9b4d4a879257) Importer(815301076,1909f56bfc062723c751e8b465ee728b)
Start importing Assets/texture/cobblestone/COBBLESTONES-05_Roughness_4k.jpg using Guid(c890df76258307846aff9b4d4a879257) Importer(815301076,1909f56bfc062723c751e8b465ee728b) (PreviewImporter) -> (artifact id: 'bbbc5e4738217cabf2ae51f596c0370a') in 0.0097249 seconds
Number of updated asset objects reloaded before import = 0Number of asset objects unloaded after import = 2

========================================================================
Received Import Request.
  Time since last request: 0.000109 seconds.
  path: Assets/texture/cobblestone/COBBLESTONES-05_HiGloss_4k.jpg
  artifactKey: Guid(6c1dccd7d2849574d820d43eb9002a5d) Importer(815301076,1909f56bfc062723c751e8b465ee728b)
Start importing Assets/texture/cobblestone/COBBLESTONES-05_HiGloss_4k.jpg using Guid(6c1dccd7d2849574d820d43eb9002a5d) Importer(815301076,1909f56bfc062723c751e8b465ee728b) (PreviewImporter) -> (artifact id: '2beead92b6d7ddac1e79e0e6390469ac') in 0.0147204 seconds
Number of updated asset objects reloaded before import = 0Number of asset objects unloaded after import = 2

========================================================================
Received Import Request.
  Time since last request: 2.477610 seconds.
  path: Assets/texture/concrete
  artifactKey: Guid(c327fc415f51ca649a607feaad7cba0f) Importer(815301076,1909f56bfc062723c751e8b465ee728b)
Start importing Assets/texture/concrete using Guid(c327fc415f51ca649a607feaad7cba0f) Importer(815301076,1909f56bfc062723c751e8b465ee728b) (PreviewImporter) -> (artifact id: '24d4fa0bb3b414390f2aea1952afc17f') in 0.0008176 seconds
Number of updated asset objects reloaded before import = 0Number of asset objects unloaded after import = 0

========================================================================
Received Import Request.
  Time since last request: 0.077979 seconds.
  path: Assets/texture/concrete/12-asphalt-road-seamless.jpg
  artifactKey: Guid(5a789cabad2ff9f409983678fa257b2f) Importer(815301076,1909f56bfc062723c751e8b465ee728b)
Start importing Assets/texture/concrete/12-asphalt-road-seamless.jpg using Guid(5a789cabad2ff9f409983678fa257b2f) Importer(815301076,1909f56bfc062723c751e8b465ee728b) (PreviewImporter) -> (artifact id: '48dbecac8a7e3e67cdf12332456dc814') in 0.0069707 seconds
Number of updated asset objects reloaded before import = 0Number of asset objects unloaded after import = 2

========================================================================
Received Import Request.
  Time since last request: 0.000029 seconds.
  path: Assets/texture/concrete/T_ConcreteSML_05_BC.jpg
  artifactKey: Guid(4804703a041ccf84f87ce85eab9e1e79) Importer(815301076,1909f56bfc062723c751e8b465ee728b)
Start importing Assets/texture/concrete/T_ConcreteSML_05_BC.jpg using Guid(4804703a041ccf84f87ce85eab9e1e79) Importer(815301076,1909f56bfc062723c751e8b465ee728b) (PreviewImporter) -> (artifact id: 'd682bb99aff9801fab7175cacfa97510') in 0.0104441 seconds
Number of updated asset objects reloaded before import = 0Number of asset objects unloaded after import = 2

========================================================================
Received Import Request.
  Time since last request: 1.981107 seconds.
  path: Assets/texture/dirtymask/3DCollective_TexturePack01_Mask_0034_8K.jpg
  artifactKey: Guid(0b53dccbb56d2aa4faca709ae3e8b876) Importer(815301076,1909f56bfc062723c751e8b465ee728b)
Start importing Assets/texture/dirtymask/3DCollective_TexturePack01_Mask_0034_8K.jpg using Guid(0b53dccbb56d2aa4faca709ae3e8b876) Importer(815301076,1909f56bfc062723c751e8b465ee728b) (PreviewImporter) -> (artifact id: '3ca3f092c36381de5c77d9182917b84a') in 0.0185097 seconds
Number of updated asset objects reloaded before import = 0Number of asset objects unloaded after import = 2

========================================================================
Received Import Request.
  Time since last request: 4.253548 seconds.
  path: Assets/texture/ornament/35976423-patrón-en-el-estilo-del-barroco-fondo-inconsútil-del-vector-textura-del-damasco-con-elementos-orientar-y-fl.jpg
  artifactKey: Guid(b11db3ae84cb10a4095f508039afc9ad) Importer(815301076,1909f56bfc062723c751e8b465ee728b)
Start importing Assets/texture/ornament/35976423-patrón-en-el-estilo-del-barroco-fondo-inconsútil-del-vector-textura-del-damasco-con-elementos-orientar-y-fl.jpg using Guid(b11db3ae84cb10a4095f508039afc9ad) Importer(815301076,1909f56bfc062723c751e8b465ee728b) (PreviewImporter) -> (artifact id: 'a62dcc4edba212a2fb12f6de97af598c') in 0.0123597 seconds
Number of updated asset objects reloaded before import = 0Number of asset objects unloaded after import = 2

========================================================================
Received Import Request.
  Time since last request: 4.272239 seconds.
  path: Assets/texture/window/IMG_1449.jpg
  artifactKey: Guid(008e888bd1678a54087b6e8fe8a6d4fd) Importer(815301076,1909f56bfc062723c751e8b465ee728b)
Start importing Assets/texture/window/IMG_1449.jpg using Guid(008e888bd1678a54087b6e8fe8a6d4fd) Importer(815301076,1909f56bfc062723c751e8b465ee728b) (PreviewImporter) -> (artifact id: 'c1d9555f6af6360a717f2019b164a35e') in 0.0109063 seconds
Number of updated asset objects reloaded before import = 0Number of asset objects unloaded after import = 2

Editor requested this worker to shutdown with reason: Scaling down because of idle timeout
AssetImportWorker is now disconnected from the server
Process exiting
Exiting without the bug reporter. Application will terminate with return code 0